1558790951657	mozrunner::runner	INFO	Running command: "/usr/bin/firefox" "-marionette" "-foreground" "-no-remote" "-profile" "/tmp/rust_mozprofile.7IaSctqBbljA"
1558790953041	Marionette	INFO	Listening on port 33611
1558790953071	Marionette	WARN	TLS certificate errors will be ignored for this session
1558791000780	mozrunner::runner	INFO	Running command: "/usr/bin/firefox" "-marionette" "-foreground" "-no-remote" "-profile" "/tmp/rust_mozprofile.q15ieKxau6eV"
1558791002133	Marionette	INFO	Listening on port 34395
1558791002187	Marionette	WARN	TLS certificate errors will be ignored for this session
console.log: Accessibility service init or shutdown observer does not exist.
*** UTM:SVC TimerManager:registerTimer called after profile-before-change notification. Ignoring timer registration for id: telemetry_modules_ping
1558791091887	mozrunner::runner	INFO	Running command: "/usr/bin/firefox" "-marionette" "-foreground" "-no-remote" "-profile" "/tmp/rust_mozprofile.5idubGFXqQ8i"
1558791093264	Marionette	INFO	Listening on port 34689
1558791093303	Marionette	WARN	TLS certificate errors will be ignored for this session
console.log: Accessibility service init or shutdown observer does not exist.
[Parent 5741, Gecko_IOThread] WARNING: pipe error (96): Connection reset by peer: file /build/firefox-esr-eclpcW/firefox-esr-60.6.3esr/ipc/chromium/src/chrome/common/ipc_channel_posix.cc, line 342
1558791933697	mozrunner::runner	INFO	Running command: "/usr/bin/firefox" "-marionette" "-foreground" "-no-remote" "-profile" "/tmp/rust_mozprofile.lwPBc4yLZpHj"
1558791935045	Marionette	INFO	Listening on port 38681
1558791935129	Marionette	WARN	TLS certificate errors will be ignored for this session
console.log: Accessibility service init or shutdown observer does not exist.
console.log: Accessibility service init or shutdown observer does not exist.
1558792195139	mozrunner::runner	INFO	Running command: "/usr/bin/firefox" "-marionette" "-foreground" "-no-remote" "-profile" "/tmp/rust_mozprofile.rT04RDEjB8wG"
1558792196596	Marionette	INFO	Listening on port 33451
1558792196648	Marionette	WARN	TLS certificate errors will be ignored for this session
console.log: Accessibility service init or shutdown observer does not exist.
1558792304420	mozrunner::runner	INFO	Running command: "/usr/bin/firefox" "-marionette" "-foreground" "-no-remote" "-profile" "/tmp/rust_mozprofile.3Z0DykDhTvdb"
1558792305761	Marionette	INFO	Listening on port 35059
1558792305829	Marionette	WARN	TLS certificate errors will be ignored for this session
console.log: Accessibility service init or shutdown observer does not exist.

###!!! [Child][RunMessage] Error: Channel closing: too late to send/recv, messages will be lost

1558792450784	mozrunner::runner	INFO	Running command: "/usr/bin/firefox" "-marionette" "-foreground" "-no-remote" "-profile" "/tmp/rust_mozprofile.NxeKNfU76J2v"
1558792452168	Marionette	INFO	Listening on port 36317
1558792452196	Marionette	WARN	TLS certificate errors will be ignored for this session
1558792657434	mozrunner::runner	INFO	Running command: "/usr/bin/firefox" "-marionette" "-foreground" "-no-remote" "-profile" "/tmp/rust_mozprofile.MxhOVFiE0Xgq"
1558792658913	Marionette	INFO	Listening on port 37939
1558792658943	Marionette	WARN	TLS certificate errors will be ignored for this session
console.log: Accessibility service init or shutdown observer does not exist.
console.log: Accessibility service init or shutdown observer does not exist.

###!!! [Child][RunMessage] Error: Channel closing: too late to send/recv, messages will be lost


###!!! [Child][RunMessage] Error: Channel closing: too late to send/recv, messages will be lost

1558793226619	mozrunner::runner	INFO	Running command: "/usr/bin/firefox" "-marionette" "-foreground" "-no-remote" "-profile" "/tmp/rust_mozprofile.J9jv8T5mjGC4"
1558793227987	Marionette	INFO	Listening on port 36395
1558793228048	Marionette	WARN	TLS certificate errors will be ignored for this session
console.log: Accessibility service init or shutdown observer does not exist.

###!!! [Child][RunMessage] Error: Channel closing: too late to send/recv, messages will be lost

1558793813770	mozrunner::runner	INFO	Running command: "/usr/bin/firefox" "-marionette" "-foreground" "-no-remote" "-profile" "/tmp/rust_mozprofile.2Oc0Rs8Lfg8g"
1558793815322	Marionette	INFO	Listening on port 45857
1558793815384	Marionette	WARN	TLS certificate errors will be ignored for this session
console.log: Accessibility service init or shutdown observer does not exist.
1558794038713	mozrunner::runner	INFO	Running command: "/usr/bin/firefox" "-marionette" "-foreground" "-no-remote" "-profile" "/tmp/rust_mozprofile.Q4pOeKVXK2YX"
1558794040035	Marionette	INFO	Listening on port 45097
1558794040131	Marionette	WARN	TLS certificate errors will be ignored for this session
1558794089293	mozrunner::runner	INFO	Running command: "/usr/bin/firefox" "-marionette" "-foreground" "-no-remote" "-profile" "/tmp/rust_mozprofile.KCU98E3SISwy"
1558794090646	Marionette	INFO	Listening on port 43695
1558794090725	Marionette	WARN	TLS certificate errors will be ignored for this session
console.log: Accessibility service init or shutdown observer does not exist.

###!!! [Child][RunMessage] Error: Channel closing: too late to send/recv, messages will be lost


###!!! [Child][RunMessage] Error: Channel closing: too late to send/recv, messages will be lost


###!!! [Child][RunMessage] Error: Channel closing: too late to send/recv, messages will be lost


###!!! [Child][RunMessage] Error: Channel closing: too late to send/recv, messages will be lost

1558794361647	mozrunner::runner	INFO	Running command: "/usr/bin/firefox" "-marionette" "-foreground" "-no-remote" "-profile" "/tmp/rust_mozprofile.uXxcoGPxvfzA"
1558794363003	Marionette	INFO	Listening on port 35877
1558794363055	Marionette	WARN	TLS certificate errors will be ignored for this session
console.log: Accessibility service init or shutdown observer does not exist.
[Parent 9849, Gecko_IOThread] WARNING: pipe error (100): Connection reset by peer: file /build/firefox-esr-eclpcW/firefox-esr-60.6.3esr/ipc/chromium/src/chrome/common/ipc_channel_posix.cc, line 342
1558794829193	mozrunner::runner	INFO	Running command: "/usr/bin/firefox" "-marionette" "-foreground" "-no-remote" "-profile" "/tmp/rust_mozprofile.b8toURaZcdtC"
1558794830611	Marionette	INFO	Listening on port 46321
1558794830709	Marionette	WARN	TLS certificate errors will be ignored for this session
console.log: Accessibility service init or shutdown observer does not exist.

###!!! [Child][RunMessage] Error: Channel closing: too late to send/recv, messages will be lost

1558794916946	mozrunner::runner	INFO	Running command: "/usr/bin/firefox" "-marionette" "-foreground" "-no-remote" "-profile" "/tmp/rust_mozprofile.xyAmvhaLVaCc"
1558794918369	Marionette	INFO	Listening on port 41451
1558794918470	Marionette	WARN	TLS certificate errors will be ignored for this session
console.log: Accessibility service init or shutdown observer does not exist.
1558795395771	mozrunner::runner	INFO	Running command: "/usr/bin/firefox" "-marionette" "-foreground" "-no-remote" "-profile" "/tmp/rust_mozprofile.CGEBMur0yAl1"
1558795397275	Marionette	INFO	Listening on port 39119
1558795397380	Marionette	WARN	TLS certificate errors will be ignored for this session
console.log: Accessibility service init or shutdown observer does not exist.
1558795903288	mozrunner::runner	INFO	Running command: "/usr/bin/firefox" "-marionette" "-foreground" "-no-remote" "-profile" "/tmp/rust_mozprofile.1duFxulZKnji"
1558795904671	Marionette	INFO	Listening on port 45987
1558795904703	Marionette	WARN	TLS certificate errors will be ignored for this session
console.log: Accessibility service init or shutdown observer does not exist.
1558795996201	mozrunner::runner	INFO	Running command: "/usr/bin/firefox" "-marionette" "-foreground" "-no-remote" "-profile" "/tmp/rust_mozprofile.vTPLmgwg2mgT"
1558795997497	Marionette	INFO	Listening on port 44601
1558795997512	Marionette	WARN	TLS certificate errors will be ignored for this session
console.log: Accessibility service init or shutdown observer does not exist.

###!!! [Child][RunMessage] Error: Channel closing: too late to send/recv, messages will be lost

1558823530642	mozrunner::runner	INFO	Running command: "/usr/bin/firefox" "-marionette" "-foreground" "-no-remote" "-profile" "/tmp/rust_mozprofile.eNI89f03JTG0"
1558823532586	Marionette	INFO	Listening on port 34871
1558823532651	Marionette	WARN	TLS certificate errors will be ignored for this session
console.log: Accessibility service init or shutdown observer does not exist.
[Child 2867, Chrome_ChildThread] WARNING: pipe error (3): Connection reset by peer: file /build/firefox-esr-eclpcW/firefox-esr-60.6.3esr/ipc/chromium/src/chrome/common/ipc_channel_posix.cc, line 342
1558824127576	mozrunner::runner	INFO	Running command: "/usr/bin/firefox" "-marionette" "-foreground" "-no-remote" "-profile" "/tmp/rust_mozprofile.Clhms8clcgAF"
1558824128997	Marionette	INFO	Listening on port 46713
1558824129097	Marionette	WARN	TLS certificate errors will be ignored for this session
console.log: Accessibility service init or shutdown observer does not exist.
*** UTM:SVC TimerManager:registerTimer called after profile-before-change notification. Ignoring timer registration for id: telemetry_modules_ping
1558824136070	mozrunner::runner	INFO	Running command: "/usr/bin/firefox" "-marionette" "-foreground" "-no-remote" "-profile" "/tmp/rust_mozprofile.klMfENOwy24j"
1558824137512	Marionette	INFO	Listening on port 45043
1558824137605	Marionette	WARN	TLS certificate errors will be ignored for this session
1558824390348	mozrunner::runner	INFO	Running command: "/usr/bin/firefox" "-marionette" "-foreground" "-no-remote" "-profile" "/tmp/rust_mozprofile.i8ru0dQ0Vr2l"
1558824391769	Marionette	INFO	Listening on port 41763
1558824391869	Marionette	WARN	TLS certificate errors will be ignored for this session
console.log: Accessibility service init or shutdown observer does not exist.
console.log: Accessibility service init or shutdown observer does not exist.
1558824599244	mozrunner::runner	INFO	Running command: "/usr/bin/firefox" "-marionette" "-foreground" "-no-remote" "-profile" "/tmp/rust_mozprofile.5bbcLu32ewWQ"
1558824600648	Marionette	INFO	Listening on port 36507
1558824600757	Marionette	WARN	TLS certificate errors will be ignored for this session
1558826260160	mozrunner::runner	INFO	Running command: "/usr/bin/firefox" "-marionette" "-foreground" "-no-remote" "-profile" "/tmp/rust_mozprofile.17rAvXAyLhAk"
1558826261773	Marionette	INFO	Listening on port 37967
1558826261872	Marionette	WARN	TLS certificate errors will be ignored for this session
console.log: Accessibility service init or shutdown observer does not exist.

###!!! [Child][MessageChannel] Error: (msgtype=0x550027,name=PNecko::Msg_RemoveRequestContext) Channel closing: too late to send/recv, messages will be lost

[Child 4647, Chrome_ChildThread] WARNING: pipe error (3): Connection reset by peer: file /build/firefox-esr-eclpcW/firefox-esr-60.6.3esr/ipc/chromium/src/chrome/common/ipc_channel_posix.cc, line 342
1558826711313	mozrunner::runner	INFO	Running command: "/usr/bin/firefox" "-marionette" "-foreground" "-no-remote" "-profile" "/tmp/rust_mozprofile.sVznn9IKnDBw"
1558826712712	Marionette	INFO	Listening on port 33711
1558826712724	Marionette	WARN	TLS certificate errors will be ignored for this session
console.log: Accessibility service init or shutdown observer does not exist.

###!!! [Child][MessageChannel] Error: (msgtype=0x550027,name=PNecko::Msg_RemoveRequestContext) Channel closing: too late to send/recv, messages will be lost

1558826998273	mozrunner::runner	INFO	Running command: "/usr/bin/firefox" "-marionette" "-foreground" "-no-remote" "-profile" "/tmp/rust_mozprofile.9dnHqNW2vyuC"
1558826999717	Marionette	INFO	Listening on port 37751
1558826999783	Marionette	WARN	TLS certificate errors will be ignored for this session
console.log: Accessibility service init or shutdown observer does not exist.
*** UTM:SVC TimerManager:registerTimer called after profile-before-change notification. Ignoring timer registration for id: telemetry_modules_ping
1558827047851	mozrunner::runner	INFO	Running command: "/usr/bin/firefox" "-marionette" "-foreground" "-no-remote" "-profile" "/tmp/rust_mozprofile.BPl10BpU5fKE"
1558827049610	Marionette	INFO	Listening on port 37801
1558827049667	Marionette	WARN	TLS certificate errors will be ignored for this session
1558828005734	mozrunner::runner	INFO	Running command: "/usr/bin/firefox" "-marionette" "-foreground" "-no-remote" "-profile" "/tmp/rust_mozprofile.RZKAnmUIkkAj"
1558828007113	Marionette	INFO	Listening on port 35525
1558828007175	Marionette	WARN	TLS certificate errors will be ignored for this session
console.log: Accessibility service init or shutdown observer does not exist.
console.log: Accessibility service init or shutdown observer does not exist.

###!!! [Child][RunMessage] Error: Channel closing: too late to send/recv, messages will be lost

1558828575869	mozrunner::runner	INFO	Running command: "/usr/bin/firefox" "-marionette" "-foreground" "-no-remote" "-profile" "/tmp/rust_mozprofile.2k94jqoNn1cG"
1558828577469	Marionette	INFO	Listening on port 46245
1558828577497	Marionette	WARN	TLS certificate errors will be ignored for this session
console.log: Accessibility service init or shutdown observer does not exist.
1558832768549	mozrunner::runner	INFO	Running command: "/usr/bin/firefox" "-marionette" "-foreground" "-no-remote" "-profile" "/tmp/rust_mozprofile.LfrTIVY8Y22P"
1558832769926	Marionette	INFO	Listening on port 36129
1558832769955	Marionette	WARN	TLS certificate errors will be ignored for this session
console.log: Accessibility service init or shutdown observer does not exist.
[Child 7560, Chrome_ChildThread] WARNING: pipe error: Broken pipe: file /build/firefox-esr-eclpcW/firefox-esr-60.6.3esr/ipc/chromium/src/chrome/common/ipc_channel_posix.cc, line 694
[Child 7560, Chrome_ChildThread] WARNING: pipe error: Broken pipe: file /build/firefox-esr-eclpcW/firefox-esr-60.6.3esr/ipc/chromium/src/chrome/common/ipc_channel_posix.cc, line 694
1558833055510	mozrunner::runner	INFO	Running command: "/usr/bin/firefox" "-marionette" "-foreground" "-no-remote" "-profile" "/tmp/rust_mozprofile.7w4vjyHW3kqs"
1558833056900	Marionette	INFO	Listening on port 34435
1558833056925	Marionette	WARN	TLS certificate errors will be ignored for this session
console.log: Accessibility service init or shutdown observer does not exist.
console.log: Accessibility service init or shutdown observer does not exist.
1558833501569	mozrunner::runner	INFO	Running command: "/usr/bin/firefox" "-marionette" "-foreground" "-no-remote" "-profile" "/tmp/rust_mozprofile.jjcA1XUrv0pb"
1558833502988	Marionette	INFO	Listening on port 36975
1558833503083	Marionette	WARN	TLS certificate errors will be ignored for this session
console.log: Accessibility service init or shutdown observer does not exist.
1558833811168	mozrunner::runner	INFO	Running command: "/usr/bin/firefox" "-marionette" "-foreground" "-no-remote" "-profile" "/tmp/rust_mozprofile.q9T40uGoQaje"
1558833812703	Marionette	INFO	Listening on port 37503
1558833812784	Marionette	WARN	TLS certificate errors will be ignored for this session
console.log: Accessibility service init or shutdown observer does not exist.

###!!! [Child][RunMessage] Error: Channel closing: too late to send/recv, messages will be lost

1558834377169	mozrunner::runner	INFO	Running command: "/usr/bin/firefox" "-marionette" "-foreground" "-no-remote" "-profile" "/tmp/rust_mozprofile.fyYs0U6aDnct"
1558834378513	Marionette	INFO	Listening on port 37649
1558834378598	Marionette	WARN	TLS certificate errors will be ignored for this session
console.log: Accessibility service init or shutdown observer does not exist.
1558834593711	mozrunner::runner	INFO	Running command: "/usr/bin/firefox" "-marionette" "-foreground" "-no-remote" "-profile" "/tmp/rust_mozprofile.brWMF4HMbepU"
1558834595103	Marionette	INFO	Listening on port 33809
1558834595124	Marionette	WARN	TLS certificate errors will be ignored for this session
1558834872860	mozrunner::runner	INFO	Running command: "/usr/bin/firefox" "-marionette" "-foreground" "-no-remote" "-profile" "/tmp/rust_mozprofile.suD45VfecTp1"
1558834874224	Marionette	INFO	Listening on port 45541
1558834874296	Marionette	WARN	TLS certificate errors will be ignored for this session
1558835164725	mozrunner::runner	INFO	Running command: "/usr/bin/firefox" "-marionette" "-foreground" "-no-remote" "-profile" "/tmp/rust_mozprofile.H6lAGavPLu0k"
1558835166124	Marionette	INFO	Listening on port 41089
1558835166141	Marionette	WARN	TLS certificate errors will be ignored for this session
console.log: Accessibility service init or shutdown observer does not exist.
1558835602289	mozrunner::runner	INFO	Running command: "/usr/bin/firefox" "-marionette" "-foreground" "-no-remote" "-profile" "/tmp/rust_mozprofile.cDiJ6FBtcFfA"
1558835605823	mozrunner::runner	INFO	Running command: "/usr/bin/firefox" "-marionette" "-foreground" "-no-remote" "-profile" "/tmp/rust_mozprofile.EVY6gkb7qCbj"
1558835607191	Marionette	INFO	Listening on port 41543
1558835607233	Marionette	WARN	TLS certificate errors will be ignored for this session
console.log: Accessibility service init or shutdown observer does not exist.
1558835609742	addons.xpi	WARN	Exception running bootstrap method shutdown on activity-stream@mozilla.org: [Exception... "Component returned failure code: 0x80004005 (NS_ERROR_FAILURE) [nsIObserverService.removeObserver]"  nsresult: "0x80004005 (NS_ERROR_FAILURE)"  location: "JS frame :: resource://activity-stream/lib/SnippetsFeed.jsm :: uninit :: line 185"  data: no] Stack trace: uninit()@resource://activity-stream/lib/SnippetsFeed.jsm:185
onAction()@resource://activity-stream/lib/SnippetsFeed.jsm:201
_middleware/</<()@resource://activity-stream/lib/Store.jsm:49
Store/this[method]()@resource://activity-stream/lib/Store.jsm:28
uninit()@resource://activity-stream/lib/Store.jsm:151
uninit()@resource://activity-stream/lib/ActivityStream.jsm:300
uninit()@resource://gre/modules/addons/XPIProvider.jsm -> jar:file:///usr/lib/firefox-esr/browser/features/activity-stream@mozilla.org.xpi!/bootstrap.js:73
shutdown()@resource://gre/modules/addons/XPIProvider.jsm -> jar:file:///usr/lib/firefox-esr/browser/features/activity-stream@mozilla.org.xpi!/bootstrap.js:169
callBootstrapMethod()@resource://gre/modules/addons/XPIProvider.jsm:4446
observe()@resource://gre/modules/addons/XPIProvider.jsm:2293
*** UTM:SVC TimerManager:registerTimer called after profile-before-change notification. Ignoring timer registration for id: telemetry_modules_ping
1558836078011	mozrunner::runner	INFO	Running command: "/usr/bin/firefox" "-marionette" "-foreground" "-no-remote" "-profile" "/tmp/rust_mozprofile.5CozmxnXP3sX"
1558836079491	Marionette	INFO	Listening on port 33641
1558836079526	Marionette	WARN	TLS certificate errors will be ignored for this session
console.log: Accessibility service init or shutdown observer does not exist.

###!!! [Child][MessageChannel] Error: (msgtype=0x550027,name=PNecko::Msg_RemoveRequestContext) Channel closing: too late to send/recv, messages will be lost

console.log: Accessibility service init or shutdown observer does not exist.
1558836823632	mozrunner::runner	INFO	Running command: "/usr/bin/firefox" "-marionette" "-foreground" "-no-remote" "-profile" "/tmp/rust_mozprofile.zUwNCSYcfOc0"
1558836825029	Marionette	INFO	Listening on port 46757
1558836825041	Marionette	WARN	TLS certificate errors will be ignored for this session
console.log: Accessibility service init or shutdown observer does not exist.
[Child 11855, Chrome_ChildThread] WARNING: pipe error: Broken pipe: file /build/firefox-esr-eclpcW/firefox-esr-60.6.3esr/ipc/chromium/src/chrome/common/ipc_channel_posix.cc, line 694
[Child 11855, Chrome_ChildThread] WARNING: pipe error: Broken pipe: file /build/firefox-esr-eclpcW/firefox-esr-60.6.3esr/ipc/chromium/src/chrome/common/ipc_channel_posix.cc, line 694
*** UTM:SVC TimerManager:registerTimer called after profile-before-change notification. Ignoring timer registration for id: telemetry_modules_ping
console.log: Accessibility service init or shutdown observer does not exist.
1558836886956	mozrunner::runner	INFO	Running command: "/usr/bin/firefox" "-marionette" "-foreground" "-no-remote" "-profile" "/tmp/rust_mozprofile.u2b4WU51c1cz"
1558836888294	Marionette	INFO	Listening on port 35619
1558836888386	Marionette	WARN	TLS certificate errors will be ignored for this session
1558837388804	mozrunner::runner	INFO	Running command: "/usr/bin/firefox" "-marionette" "-foreground" "-no-remote" "-profile" "/tmp/rust_mozprofile.3jJ6hEdis3uW"
1558837390234	Marionette	INFO	Listening on port 46357
1558837390322	Marionette	WARN	TLS certificate errors will be ignored for this session
1558837796665	mozrunner::runner	INFO	Running command: "/usr/bin/firefox" "-marionette" "-foreground" "-no-remote" "-profile" "/tmp/rust_mozprofile.LFhqGuSiWPG6"
1558837798118	Marionette	INFO	Listening on port 40849
1558837798186	Marionette	WARN	TLS certificate errors will be ignored for this session
1558837871345	mozrunner::runner	INFO	Running command: "/usr/bin/firefox" "-marionette" "-foreground" "-no-remote" "-profile" "/tmp/rust_mozprofile.Tf0EcjmXtp9W"
1558837872884	Marionette	INFO	Listening on port 37011
1558837872963	Marionette	WARN	TLS certificate errors will be ignored for this session
console.log: Accessibility service init or shutdown observer does not exist.

###!!! [Child][MessageChannel] Error: (msgtype=0x49000E,name=PHttpChannel::Msg_DeletingChannel) Channel closing: too late to send/recv, messages will be lost

console.log: Accessibility service init or shutdown observer does not exist.
console.log: Accessibility service init or shutdown observer does not exist.
[Parent 12878, Gecko_IOThread] WARNING: pipe error (101): Connection reset by peer: file /build/firefox-esr-eclpcW/firefox-esr-60.6.3esr/ipc/chromium/src/chrome/common/ipc_channel_posix.cc, line 342
1558840288016	mozrunner::runner	INFO	Running command: "/usr/bin/firefox" "-marionette" "-foreground" "-no-remote" "-profile" "/tmp/rust_mozprofile.jVRIm2TtOZsi"
1558840289709	Marionette	INFO	Listening on port 44825
1558840289746	Marionette	WARN	TLS certificate errors will be ignored for this session
console.log: Accessibility service init or shutdown observer does not exist.
1558840485817	mozrunner::runner	INFO	Running command: "/usr/bin/firefox" "-marionette" "-foreground" "-no-remote" "-profile" "/tmp/rust_mozprofile.aNB3zXFdGHoB"
1558840487162	Marionette	INFO	Listening on port 32933
1558840487225	Marionette	WARN	TLS certificate errors will be ignored for this session
console.log: Accessibility service init or shutdown observer does not exist.
*** UTM:SVC TimerManager:registerTimer called after profile-before-change notification. Ignoring timer registration for id: telemetry_modules_ping
1558840526190	mozrunner::runner	INFO	Running command: "/usr/bin/firefox" "-marionette" "-foreground" "-no-remote" "-profile" "/tmp/rust_mozprofile.Rzlu2mYSL9or"
1558840527578	Marionette	INFO	Listening on port 34119
1558840527603	Marionette	WARN	TLS certificate errors will be ignored for this session
console.log: Accessibility service init or shutdown observer does not exist.
1558840725350	mozrunner::runner	INFO	Running command: "/usr/bin/firefox" "-marionette" "-foreground" "-no-remote" "-profile" "/tmp/rust_mozprofile.UNIgW3bf5iU1"
1558840726729	Marionette	INFO	Listening on port 42455
1558840726758	Marionette	WARN	TLS certificate errors will be ignored for this session
1558840833496	mozrunner::runner	INFO	Running command: "/usr/bin/firefox" "-marionette" "-foreground" "-no-remote" "-profile" "/tmp/rust_mozprofile.Uj9lXLHBRgLT"
1558840834916	Marionette	INFO	Listening on port 42737
1558840835004	Marionette	WARN	TLS certificate errors will be ignored for this session
console.log: Accessibility service init or shutdown observer does not exist.
[Parent 15465, Gecko_IOThread] WARNING: pipe error (99): Connection reset by peer: file /build/firefox-esr-eclpcW/firefox-esr-60.6.3esr/ipc/chromium/src/chrome/common/ipc_channel_posix.cc, line 342
1558840923385	mozrunner::runner	INFO	Running command: "/usr/bin/firefox" "-marionette" "-foreground" "-no-remote" "-profile" "/tmp/rust_mozprofile.0y1nRDbM9gZ8"
1558840924843	Marionette	INFO	Listening on port 36257
1558840924892	Marionette	WARN	TLS certificate errors will be ignored for this session
console.log: Accessibility service init or shutdown observer does not exist.

###!!! [Child][RunMessage] Error: Channel closing: too late to send/recv, messages will be lost


###!!! [Child][RunMessage] Error: Channel closing: too late to send/recv, messages will be lost

1558841065598	mozrunner::runner	INFO	Running command: "/usr/bin/firefox" "-marionette" "-foreground" "-no-remote" "-profile" "/tmp/rust_mozprofile.FF5eFOzouuVd"
1558841067040	Marionette	INFO	Listening on port 39925
1558841067127	Marionette	WARN	TLS certificate errors will be ignored for this session
console.log: Accessibility service init or shutdown observer does not exist.
*** UTM:SVC TimerManager:registerTimer called after profile-before-change notification. Ignoring timer registration for id: telemetry_modules_ping
1558841095132	mozrunner::runner	INFO	Running command: "/usr/bin/firefox" "-marionette" "-foreground" "-no-remote" "-profile" "/tmp/rust_mozprofile.VzGyYE5mii5x"
1558841096550	Marionette	INFO	Listening on port 35791
1558841096664	Marionette	WARN	TLS certificate errors will be ignored for this session
console.log: Accessibility service init or shutdown observer does not exist.

###!!! [Child][RunMessage] Error: Channel closing: too late to send/recv, messages will be lost

console.log: Accessibility service init or shutdown observer does not exist.
1558923645336	mozrunner::runner	INFO	Running command: "/usr/bin/firefox" "-marionette" "-foreground" "-no-remote" "-profile" "/tmp/rust_mozprofile.Jg3hSZMvI6e2"
1558923646834	Marionette	INFO	Listening on port 40915
1558923646855	Marionette	WARN	TLS certificate errors will be ignored for this session
console.log: Accessibility service init or shutdown observer does not exist.
[Parent 6438, Gecko_IOThread] WARNING: pipe error (99): Connection reset by peer: file /build/firefox-esr-eclpcW/firefox-esr-60.6.3esr/ipc/chromium/src/chrome/common/ipc_channel_posix.cc, line 342
1558924344578	mozrunner::runner	INFO	Running command: "/usr/bin/firefox" "-marionette" "-foreground" "-no-remote" "-profile" "/tmp/rust_mozprofile.icVxm3bxWd8B"
1558924346053	Marionette	INFO	Listening on port 39675
1558924346086	Marionette	WARN	TLS certificate errors will be ignored for this session
1558924411510	mozrunner::runner	INFO	Running command: "/usr/bin/firefox" "-marionette" "-foreground" "-no-remote" "-profile" "/tmp/rust_mozprofile.CFEtSXtbZCmF"
1558924412911	Marionette	INFO	Listening on port 40481
1558924412921	Marionette	WARN	TLS certificate errors will be ignored for this session
console.log: Accessibility service init or shutdown observer does not exist.
*** UTM:SVC TimerManager:registerTimer called after profile-before-change notification. Ignoring timer registration for id: telemetry_modules_ping
1558924476412	mozrunner::runner	INFO	Running command: "/usr/bin/firefox" "-marionette" "-foreground" "-no-remote" "-profile" "/tmp/rust_mozprofile.8ThQ9s4b4cIS"
1558924478010	Marionette	INFO	Listening on port 44181
1558924478030	Marionette	WARN	TLS certificate errors will be ignored for this session
console.log: Accessibility service init or shutdown observer does not exist.

###!!! [Child][MessageChannel] Error: (msgtype=0x49000E,name=PHttpChannel::Msg_DeletingChannel) Channel closing: too late to send/recv, messages will be lost

*** UTM:SVC TimerManager:registerTimer called after profile-before-change notification. Ignoring timer registration for id: telemetry_modules_ping
1558924623923	mozrunner::runner	INFO	Running command: "/usr/bin/firefox" "-marionette" "-foreground" "-no-remote" "-profile" "/tmp/rust_mozprofile.20YU6uk3jtil"
1558924625298	Marionette	INFO	Listening on port 40139
1558924625337	Marionette	WARN	TLS certificate errors will be ignored for this session
console.log: Accessibility service init or shutdown observer does not exist.
1558924717884	mozrunner::runner	INFO	Running command: "/usr/bin/firefox" "-marionette" "-foreground" "-no-remote" "-profile" "/tmp/rust_mozprofile.BYD3yZAifenD"
1558924719238	Marionette	INFO	Listening on port 36089
1558924719321	Marionette	WARN	TLS certificate errors will be ignored for this session
1558924887039	mozrunner::runner	INFO	Running command: "/usr/bin/firefox" "-marionette" "-foreground" "-no-remote" "-profile" "/tmp/rust_mozprofile.TKe5vCMt7AY8"
1558924888509	Marionette	INFO	Listening on port 45431
1558924888560	Marionette	WARN	TLS certificate errors will be ignored for this session
console.log: Accessibility service init or shutdown observer does not exist.

###!!! [Child][RunMessage] Error: Channel closing: too late to send/recv, messages will be lost

*** UTM:SVC TimerManager:registerTimer called after profile-before-change notification. Ignoring timer registration for id: telemetry_modules_ping
console.log: Accessibility service init or shutdown observer does not exist.
IPDL protocol error: Handler returned error code!

###!!! [Parent][DispatchAsyncMessage] Error: PLayerTransaction::Msg_ReleaseLayer Processing error: message was deserialized, but the handler returned false (indicating failure)

IPDL protocol error: Handler returned error code!

###!!! [Parent][DispatchAsyncMessage] Error: PLayerTransaction::Msg_ReleaseLayer Processing error: message was deserialized, but the handler returned false (indicating failure)

IPDL protocol error: Handler returned error code!

###!!! [Parent][DispatchAsyncMessage] Error: PLayerTransaction::Msg_ReleaseLayer Processing error: message was deserialized, but the handler returned false (indicating failure)

IPDL protocol error: Handler returned error code!

###!!! [Parent][DispatchAsyncMessage] Error: PLayerTransaction::Msg_ReleaseLayer Processing error: message was deserialized, but the handler returned false (indicating failure)

IPDL protocol error: Handler returned error code!

###!!! [Parent][DispatchAsyncMessage] Error: PLayerTransaction::Msg_ReleaseLayer Processing error: message was deserialized, but the handler returned false (indicating failure)

IPDL protocol error: Handler returned error code!

###!!! [Parent][DispatchAsyncMessage] Error: PLayerTransaction::Msg_ReleaseLayer Processing error: message was deserialized, but the handler returned false (indicating failure)

IPDL protocol error: Handler returned error code!

###!!! [Parent][DispatchAsyncMessage] Error: PLayerTransaction::Msg_ReleaseLayer Processing error: message was deserialized, but the handler returned false (indicating failure)

IPDL protocol error: Handler returned error code!

###!!! [Parent][DispatchAsyncMessage] Error: PLayerTransaction::Msg_ReleaseLayer Processing error: message was deserialized, but the handler returned false (indicating failure)

IPDL protocol error: Handler returned error code!

###!!! [Parent][DispatchAsyncMessage] Error: PLayerTransaction::Msg_ReleaseLayer Processing error: message was deserialized, but the handler returned false (indicating failure)

IPDL protocol error: Handler returned error code!

###!!! [Parent][DispatchAsyncMessage] Error: PLayerTransaction::Msg_ReleaseLayer Processing error: message was deserialized, but the handler returned false (indicating failure)

IPDL protocol error: Handler returned error code!

###!!! [Parent][DispatchAsyncMessage] Error: PLayerTransaction::Msg_ReleaseLayer Processing error: message was deserialized, but the handler returned false (indicating failure)

IPDL protocol error: Handler returned error code!

###!!! [Parent][DispatchAsyncMessage] Error: PLayerTransaction::Msg_ReleaseLayer Processing error: message was deserialized, but the handler returned false (indicating failure)

IPDL protocol error: Handler returned error code!

###!!! [Parent][DispatchAsyncMessage] Error: PLayerTransaction::Msg_ReleaseLayer Processing error: message was deserialized, but the handler returned false (indicating failure)

IPDL protocol error: Handler returned error code!

###!!! [Parent][DispatchAsyncMessage] Error: PLayerTransaction::Msg_ReleaseLayer Processing error: message was deserialized, but the handler returned false (indicating failure)

IPDL protocol error: Handler returned error code!

###!!! [Parent][DispatchAsyncMessage] Error: PLayerTransaction::Msg_ReleaseLayer Processing error: message was deserialized, but the handler returned false (indicating failure)

IPDL protocol error: Handler returned error code!

###!!! [Parent][DispatchAsyncMessage] Error: PLayerTransaction::Msg_ReleaseLayer Processing error: message was deserialized, but the handler returned false (indicating failure)

IPDL protocol error: Handler returned error code!

###!!! [Parent][DispatchAsyncMessage] Error: PLayerTransaction::Msg_ReleaseLayer Processing error: message was deserialized, but the handler returned false (indicating failure)

IPDL protocol error: Handler returned error code!

###!!! [Parent][DispatchAsyncMessage] Error: PLayerTransaction::Msg_ReleaseLayer Processing error: message was deserialized, but the handler returned false (indicating failure)

IPDL protocol error: Handler returned error code!

###!!! [Parent][DispatchAsyncMessage] Error: PLayerTransaction::Msg_ReleaseLayer Processing error: message was deserialized, but the handler returned false (indicating failure)

IPDL protocol error: Handler returned error code!

###!!! [Parent][DispatchAsyncMessage] Error: PLayerTransaction::Msg_ReleaseLayer Processing error: message was deserialized, but the handler returned false (indicating failure)

IPDL protocol error: Handler returned error code!

###!!! [Parent][DispatchAsyncMessage] Error: PLayerTransaction::Msg_ReleaseLayer Processing error: message was deserialized, but the handler returned false (indicating failure)

IPDL protocol error: Handler returned error code!

###!!! [Parent][DispatchAsyncMessage] Error: PLayerTransaction::Msg_ReleaseLayer Processing error: message was deserialized, but the handler returned false (indicating failure)

IPDL protocol error: Handler returned error code!

###!!! [Parent][DispatchAsyncMessage] Error: PLayerTransaction::Msg_ReleaseLayer Processing error: message was deserialized, but the handler returned false (indicating failure)

IPDL protocol error: Handler returned error code!

###!!! [Parent][DispatchAsyncMessage] Error: PLayerTransaction::Msg_ReleaseLayer Processing error: message was deserialized, but the handler returned false (indicating failure)

IPDL protocol error: Handler returned error code!

###!!! [Parent][DispatchAsyncMessage] Error: PLayerTransaction::Msg_ReleaseLayer Processing error: message was deserialized, but the handler returned false (indicating failure)

IPDL protocol error: Handler returned error code!

###!!! [Parent][DispatchAsyncMessage] Error: PLayerTransaction::Msg_ReleaseLayer Processing error: message was deserialized, but the handler returned false (indicating failure)

1558969466679	mozrunner::runner	INFO	Running command: "/usr/bin/firefox" "-marionette" "-foreground" "-no-remote" "-profile" "/tmp/rust_mozprofile.n2JursJdyNw6"
1558969469059	Marionette	INFO	Listening on port 36221
1558969469099	Marionette	WARN	TLS certificate errors will be ignored for this session
console.log: Accessibility service init or shutdown observer does not exist.
[Child 2606, Chrome_ChildThread] WARNING: pipe error: Broken pipe: file /build/firefox-esr-eclpcW/firefox-esr-60.6.3esr/ipc/chromium/src/chrome/common/ipc_channel_posix.cc, line 694
[Child 2606, Chrome_ChildThread] WARNING: pipe error: Broken pipe: file /build/firefox-esr-eclpcW/firefox-esr-60.6.3esr/ipc/chromium/src/chrome/common/ipc_channel_posix.cc, line 694
*** UTM:SVC TimerManager:registerTimer called after profile-before-change notification. Ignoring timer registration for id: telemetry_modules_ping
1558970271734	mozrunner::runner	INFO	Running command: "/usr/bin/firefox" "-marionette" "-foreground" "-no-remote" "-profile" "/tmp/rust_mozprofile.wrqzoCD8nOGu"
1558970273167	Marionette	INFO	Listening on port 41579
1558970273249	Marionette	WARN	TLS certificate errors will be ignored for this session
[Child 3357, Chrome_ChildThread] WARNING: pipe error (3): Connection reset by peer: file /build/firefox-esr-eclpcW/firefox-esr-60.6.3esr/ipc/chromium/src/chrome/common/ipc_channel_posix.cc, line 342
[GFX1-]: Receive IPC close with reason=AbnormalShutdown
[Child 3282, Chrome_ChildThread] WARNING: pipe error (3): Connection reset by peer: file /build/firefox-esr-eclpcW/firefox-esr-60.6.3esr/ipc/chromium/src/chrome/common/ipc_channel_posix.cc, line 342
1559161999194	mozrunner::runner	INFO	Running command: "/usr/bin/firefox" "-marionette" "-foreground" "-no-remote" "-profile" "/tmp/rust_mozprofile.7BuGQuROC0jC"
1559162000812	Marionette	INFO	Listening on port 36455
1559162000906	Marionette	WARN	TLS certificate errors will be ignored for this session
console.log: Accessibility service init or shutdown observer does not exist.

###!!! [Child][RunMessage] Error: Channel closing: too late to send/recv, messages will be lost

1559162105489	mozrunner::runner	INFO	Running command: "/usr/bin/firefox" "-marionette" "-foreground" "-no-remote" "-profile" "/tmp/rust_mozprofile.k0oTf5ZHXXyx"
1559162106859	Marionette	INFO	Listening on port 39797
1559162106923	Marionette	WARN	TLS certificate errors will be ignored for this session
1559162212052	mozrunner::runner	INFO	Running command: "/usr/bin/firefox" "-marionette" "-foreground" "-no-remote" "-profile" "/tmp/rust_mozprofile.RNkwBEnaERrk"
1559162213474	Marionette	INFO	Listening on port 34055
1559162213561	Marionette	WARN	TLS certificate errors will be ignored for this session
JavaScript error: resource://devtools/shared/base-loader.js -> resource://devtools/client/framework/toolbox.js, line 1328: TypeError: currentPanel is undefined
console.error: (new Error("Connection closed, pending request to server1.conn0.child1/domnode334, type getUniqueSelector failed\n\nRequest stack:\nrequest@resource://devtools/shared/base-loader.js -> resource://devtools/shared/protocol.js:1279:14\ngenerateRequestMethods/</frontProto[name]@resource://devtools/shared/base-loader.js -> resource://devtools/shared/protocol.js:1433:14\nonNewSelection@chrome://devtools/content/inspector/inspector.js:1183:7\nemit@resource://devtools/shared/base-loader.js -> resource://devtools/shared/old-event-emitter.js:137:11\nsetNodeFront@resource://devtools/shared/base-loader.js -> resource://devtools/client/framework/selection.js:128:5\nonPickerNodePicked@resource://devtools/shared/base-loader.js -> resource://devtools/client/framework/toolbox-highlighter-utils.js:194:5\nemit@resource://devtools/shared/base-loader.js -> resource://devtools/shared/event-emitter.js:178:37\nonPacket@resource://devtools/shared/base-loader.js -> resource://devtools/shared/protocol.js:1314:7\nonPacket@resource://devtools/shared/base-loader.js -> resource://devtools/shared/client/debugger-client.js:865:7\nsend/<@resource://devtools/shared/base-loader.js -> resource://devtools/shared/transport/transport.js:569:13\nexports.makeInfallible/<@resource://devtools/shared/base-loader.js -> resource://devtools/shared/ThreadSafeDevToolsUtils.js:109:14\nexports.makeInfallible/<@resource://devtools/shared/base-loader.js -> resource://devtools/shared/ThreadSafeDevToolsUtils.js:109:14\n", "resource://devtools/shared/base-loader.js -> resource://devtools/shared/protocol.js", 1222))
JavaScript warning: resource://devtools/shared/base-loader.js -> resource://devtools/client/shared/demangle.js, line 0: Successfully compiled asm.js code (total compilation time 105ms; unable to cache asm.js in synchronous scripts; try loading asm.js via <script async> or createElement('script'))
console.error: "Task cancelled"
JavaScript error: chrome://browser/content/browser.js, line 7054: TypeError: cannot use the given object as a weak map key
console.log: Accessibility service init or shutdown observer does not exist.
IPDL protocol error: Handler returned error code!

###!!! [Parent][DispatchAsyncMessage] Error: PLayerTransaction::Msg_ReleaseLayer Processing error: message was deserialized, but the handler returned false (indicating failure)

1559162575452	mozrunner::runner	INFO	Running command: "/usr/bin/firefox" "-marionette" "-foreground" "-no-remote" "-profile" "/tmp/rust_mozprofile.sj2U5YPXHAnM"
1559162576765	Marionette	INFO	Listening on port 41039
1559162576863	Marionette	WARN	TLS certificate errors will be ignored for this session
console.log: Accessibility service init or shutdown observer does not exist.
1559162648240	mozrunner::runner	INFO	Running command: "/usr/bin/firefox" "-marionette" "-foreground" "-no-remote" "-profile" "/tmp/rust_mozprofile.0e7gIp4eTFl2"
1559162649635	Marionette	INFO	Listening on port 36243
1559162649655	Marionette	WARN	TLS certificate errors will be ignored for this session
1559162744643	mozrunner::runner	INFO	Running command: "/usr/bin/firefox" "-marionette" "-foreground" "-no-remote" "-profile" "/tmp/rust_mozprofile.SMMaLgnkPwOu"
1559162745993	Marionette	INFO	Listening on port 44403
1559162746050	Marionette	WARN	TLS certificate errors will be ignored for this session
console.log: Accessibility service init or shutdown observer does not exist.

###!!! [Child][RunMessage] Error: Channel closing: too late to send/recv, messages will be lost

console.log: Accessibility service init or shutdown observer does not exist.
1559162831563	mozrunner::runner	INFO	Running command: "/usr/bin/firefox" "-marionette" "-foreground" "-no-remote" "-profile" "/tmp/rust_mozprofile.48nhzPZCpkS2"
1559162832863	Marionette	INFO	Listening on port 46719
1559162832875	Marionette	WARN	TLS certificate errors will be ignored for this session
1559162886701	mozrunner::runner	INFO	Running command: "/usr/bin/firefox" "-marionette" "-foreground" "-no-remote" "-profile" "/tmp/rust_mozprofile.PF0Q5HAVVPSI"
1559162888022	Marionette	INFO	Listening on port 33059
1559162888114	Marionette	WARN	TLS certificate errors will be ignored for this session
console.log: Accessibility service init or shutdown observer does not exist.
[Parent 12347, Gecko_IOThread] WARNING: pipe error (52): Connection reset by peer: file /build/firefox-esr-eclpcW/firefox-esr-60.6.3esr/ipc/chromium/src/chrome/common/ipc_channel_posix.cc, line 342
1559163610069	mozrunner::runner	INFO	Running command: "/usr/bin/firefox" "-marionette" "-foreground" "-no-remote" "-profile" "/tmp/rust_mozprofile.uViiPNQDoURe"
1559163611449	Marionette	INFO	Listening on port 45511
1559163611477	Marionette	WARN	TLS certificate errors will be ignored for this session
console.log: Accessibility service init or shutdown observer does not exist.
[Parent 12670, Gecko_IOThread] WARNING: pipe error (52): Connection reset by peer: file /build/firefox-esr-eclpcW/firefox-esr-60.6.3esr/ipc/chromium/src/chrome/common/ipc_channel_posix.cc, line 342
console.log: Accessibility service init or shutdown observer does not exist.
1559164001198	mozrunner::runner	INFO	Running command: "/usr/bin/firefox" "-marionette" "-foreground" "-no-remote" "-profile" "/tmp/rust_mozprofile.XfwH7jY1z7Iq"
1559164002548	Marionette	INFO	Listening on port 35585
1559164002626	Marionette	WARN	TLS certificate errors will be ignored for this session
1559164049541	mozrunner::runner	INFO	Running command: "/usr/bin/firefox" "-marionette" "-foreground" "-no-remote" "-profile" "/tmp/rust_mozprofile.ldP7UoU7bUdj"
1559164050895	Marionette	INFO	Listening on port 35019
1559164050955	Marionette	WARN	TLS certificate errors will be ignored for this session
console.log: Accessibility service init or shutdown observer does not exist.
*** UTM:SVC TimerManager:registerTimer called after profile-before-change notification. Ignoring timer registration for id: telemetry_modules_ping
console.log: Accessibility service init or shutdown observer does not exist.
1559164081428	mozrunner::runner	INFO	Running command: "/usr/bin/firefox" "-marionette" "-foreground" "-no-remote" "-profile" "/tmp/rust_mozprofile.1T1LJzvBYWL4"
1559164082742	Marionette	INFO	Listening on port 44087
1559164082839	Marionette	WARN	TLS certificate errors will be ignored for this session
console.log: Accessibility service init or shutdown observer does not exist.
*** UTM:SVC TimerManager:registerTimer called after profile-before-change notification. Ignoring timer registration for id: telemetry_modules_ping
1559168549737	mozrunner::runner	INFO	Running command: "/usr/bin/firefox" "-marionette" "-foreground" "-no-remote" "-profile" "/tmp/rust_mozprofile.IgrLScVxbeh5"
1559168552277	Marionette	INFO	Listening on port 37057
1559168552358	Marionette	WARN	TLS certificate errors will be ignored for this session
JavaScript error: chrome://browser/content/browser.js, line 7054: TypeError: cannot use the given object as a weak map key
console.log: Accessibility service init or shutdown observer does not exist.
console.log: Accessibility service init or shutdown observer does not exist.
IPDL protocol error: Handler returned error code!

###!!! [Parent][DispatchAsyncMessage] Error: PLayerTransaction::Msg_ReleaseLayer Processing error: message was deserialized, but the handler returned false (indicating failure)

IPDL protocol error: Handler returned error code!

###!!! [Parent][DispatchAsyncMessage] Error: PLayerTransaction::Msg_ReleaseLayer Processing error: message was deserialized, but the handler returned false (indicating failure)

IPDL protocol error: Handler returned error code!

###!!! [Parent][DispatchAsyncMessage] Error: PLayerTransaction::Msg_ReleaseLayer Processing error: message was deserialized, but the handler returned false (indicating failure)

IPDL protocol error: Handler returned error code!

###!!! [Parent][DispatchAsyncMessage] Error: PLayerTransaction::Msg_ReleaseLayer Processing error: message was deserialized, but the handler returned false (indicating failure)

[Parent 15398, Gecko_IOThread] WARNING: pipe error (52): Connection reset by peer: file /build/firefox-esr-eclpcW/firefox-esr-60.6.3esr/ipc/chromium/src/chrome/common/ipc_channel_posix.cc, line 342
1559168917399	mozrunner::runner	INFO	Running command: "/usr/bin/firefox" "-marionette" "-foreground" "-no-remote" "-profile" "/tmp/rust_mozprofile.mtw8tnSHfszy"
1559168918890	Marionette	INFO	Listening on port 38949
1559168918911	Marionette	WARN	TLS certificate errors will be ignored for this session
1559168983555	mozrunner::runner	INFO	Running command: "/usr/bin/firefox" "-marionette" "-foreground" "-no-remote" "-profile" "/tmp/rust_mozprofile.VMtLtDkPfhLw"
1559168984991	Marionette	INFO	Listening on port 37737
1559168985136	Marionette	WARN	TLS certificate errors will be ignored for this session
1559169046554	mozrunner::runner	INFO	Running command: "/usr/bin/firefox" "-marionette" "-foreground" "-no-remote" "-profile" "/tmp/rust_mozprofile.ZBUQUaLX36Eo"
1559169047919	Marionette	INFO	Listening on port 44353
1559169047965	Marionette	WARN	TLS certificate errors will be ignored for this session
1559169130469	mozrunner::runner	INFO	Running command: "/usr/bin/firefox" "-marionette" "-foreground" "-no-remote" "-profile" "/tmp/rust_mozprofile.XbCWyuljnQwA"
1559169131795	Marionette	INFO	Listening on port 44823
1559169131910	Marionette	WARN	TLS certificate errors will be ignored for this session
1559169248207	mozrunner::runner	INFO	Running command: "/usr/bin/firefox" "-marionette" "-foreground" "-no-remote" "-profile" "/tmp/rust_mozprofile.0go1kQnxonN5"
1559169249743	Marionette	INFO	Listening on port 42461
1559169249827	Marionette	WARN	TLS certificate errors will be ignored for this session
console.log: Accessibility service init or shutdown observer does not exist.
console.log: Accessibility service init or shutdown observer does not exist.
IPDL protocol error: Handler returned error code!

###!!! [Parent][DispatchAsyncMessage] Error: PLayerTransaction::Msg_ReleaseLayer Processing error: message was deserialized, but the handler returned false (indicating failure)

console.log: Accessibility service init or shutdown observer does not exist.
1559170561144	mozrunner::runner	INFO	Running command: "/usr/bin/firefox" "-marionette" "-foreground" "-no-remote" "-profile" "/tmp/rust_mozprofile.N7u3LptmJCTw"
1559170563288	Marionette	INFO	Listening on port 39027
1559170563363	Marionette	WARN	TLS certificate errors will be ignored for this session
[GFX1-]: Receive IPC close with reason=AbnormalShutdown
[Child 17782, Chrome_ChildThread] WARNING: pipe error (3): Connection reset by peer: file /build/firefox-esr-eclpcW/firefox-esr-60.6.3esr/ipc/chromium/src/chrome/common/ipc_channel_posix.cc, line 342
1559172885660	mozrunner::runner	INFO	Running command: "/usr/bin/firefox" "-marionette" "-foreground" "-no-remote" "-profile" "/tmp/rust_mozprofile.sc1Hu6LsxsoW"
1559172888170	Marionette	INFO	Listening on port 40907
1559172888195	Marionette	WARN	TLS certificate errors will be ignored for this session
console.log: Accessibility service init or shutdown observer does not exist.
1559172889280	addons.xpi	WARN	Exception running bootstrap method shutdown on activity-stream@mozilla.org: [Exception... "Component returned failure code: 0x80004005 (NS_ERROR_FAILURE) [nsIObserverService.removeObserver]"  nsresult: "0x80004005 (NS_ERROR_FAILURE)"  location: "JS frame :: resource://activity-stream/lib/SnippetsFeed.jsm :: uninit :: line 185"  data: no] Stack trace: uninit()@resource://activity-stream/lib/SnippetsFeed.jsm:185
onAction()@resource://activity-stream/lib/SnippetsFeed.jsm:201
_middleware/</<()@resource://activity-stream/lib/Store.jsm:49
Store/this[method]()@resource://activity-stream/lib/Store.jsm:28
uninit()@resource://activity-stream/lib/Store.jsm:151
uninit()@resource://activity-stream/lib/ActivityStream.jsm:300
uninit()@resource://gre/modules/addons/XPIProvider.jsm -> jar:file:///usr/lib/firefox-esr/browser/features/activity-stream@mozilla.org.xpi!/bootstrap.js:73
shutdown()@resource://gre/modules/addons/XPIProvider.jsm -> jar:file:///usr/lib/firefox-esr/browser/features/activity-stream@mozilla.org.xpi!/bootstrap.js:169
callBootstrapMethod()@resource://gre/modules/addons/XPIProvider.jsm:4446
observe()@resource://gre/modules/addons/XPIProvider.jsm:2293
*** UTM:SVC TimerManager:registerTimer called after profile-before-change notification. Ignoring timer registration for id: telemetry_modules_ping
1559172898576	mozrunner::runner	INFO	Running command: "/usr/bin/firefox" "-marionette" "-foreground" "-no-remote" "-profile" "/tmp/rust_mozprofile.jCxwlo66zU1e"
1559172899976	Marionette	INFO	Listening on port 33857
1559172899985	Marionette	WARN	TLS certificate errors will be ignored for this session
JavaScript error: chrome://browser/content/browser.js, line 7054: TypeError: cannot use the given object as a weak map key
console.log: Accessibility service init or shutdown observer does not exist.
IPDL protocol error: Handler returned error code!

###!!! [Parent][DispatchAsyncMessage] Error: PLayerTransaction::Msg_ReleaseLayer Processing error: message was deserialized, but the handler returned false (indicating failure)

IPDL protocol error: Handler returned error code!

###!!! [Parent][DispatchAsyncMessage] Error: PLayerTransaction::Msg_ReleaseLayer Processing error: message was deserialized, but the handler returned false (indicating failure)

1559173226764	mozrunner::runner	INFO	Running command: "/usr/bin/firefox" "-marionette" "-foreground" "-no-remote" "-profile" "/tmp/rust_mozprofile.kfg4SxccCd8K"
1559173228137	Marionette	INFO	Listening on port 41775
1559173228175	Marionette	WARN	TLS certificate errors will be ignored for this session
1559173330865	mozrunner::runner	INFO	Running command: "/usr/bin/firefox" "-marionette" "-foreground" "-no-remote" "-profile" "/tmp/rust_mozprofile.hj89G5KNiQAu"
1559173332240	Marionette	INFO	Listening on port 43879
1559173332272	Marionette	WARN	TLS certificate errors will be ignored for this session
1559173510336	mozrunner::runner	INFO	Running command: "/usr/bin/firefox" "-marionette" "-foreground" "-no-remote" "-profile" "/tmp/rust_mozprofile.UYsSxuCIYB19"
1559173511763	Marionette	INFO	Listening on port 34587
1559173511855	Marionette	WARN	TLS certificate errors will be ignored for this session
1559173728059	mozrunner::runner	INFO	Running command: "/usr/bin/firefox" "-marionette" "-foreground" "-no-remote" "-profile" "/tmp/rust_mozprofile.x9kgarE1G8Tw"
1559173729477	Marionette	INFO	Listening on port 40959
1559173729618	Marionette	WARN	TLS certificate errors will be ignored for this session
console.log: Accessibility service init or shutdown observer does not exist.
console.log: Accessibility service init or shutdown observer does not exist.
console.log: Accessibility service init or shutdown observer does not exist.
